
--------------------begin------------------------

[2019/10/31 18:26:01.823178][i][4a60e1979] Connected to 192.168.0.101:2181
[2019/10/31 18:26:01.834749][i][4a60e1979] re-submitting `0` credentials after reconnect
[2019/10/31 18:26:01.834734][i][4a60e1979] authenticated: id=102284338132373913, timeout=4000
[2019/10/31 18:26:01.872350][i][4a60e1979] 初始化 /qtask/flowserver/api-cron-mqc/t
[2019/10/31 18:26:01.881367][d][16a1ce48f] [未启用 jwt设置]
[2019/10/31 18:26:01.880831][i][16a1ce48f] 开始启动[API]服务...
[2019/10/31 18:26:01.881373][d][16a1ce48f] [未启用 ajax请求限制设置]
[2019/10/31 18:26:01.881362][d][16a1ce48f] [未启用 header设置]
[2019/10/31 18:26:01.881365][d][16a1ce48f] [未启用 熔断设置]
[2019/10/31 18:26:01.881357][i][16a1ce48f] [启用 静态文件]
[2019/10/31 18:26:01.881371][d][16a1ce48f] [未启用 远程服务认证]
[2019/10/31 18:26:01.881376][d][16a1ce48f] [未启用 metric设置]
[2019/10/31 18:26:01.881369][d][16a1ce48f] [未启用 固定密钥认证]
[2019/10/31 18:26:01.881379][d][16a1ce48f] [未启用 host设置]
[2019/10/31 18:26:02.470850][i][16a1ce48f] 服务启动成功(API,http://192.168.5.108:9090,2)
[2019/10/31 18:26:02.478727][i][8d34296d9] 开始启动[CRON]服务...
[2019/10/31 18:26:02.479255][d][8d34296d9] [未启用 metric设置]
[2019/10/31 18:26:02.479448][e][8d34296d9] task配置有误:<nil>
[2019/10/31 18:26:02.479420][e][8d34296d9] task配置有误:<nil>
[2019/10/31 18:26:03.13623][i][8d34296d9] master cron server
[2019/10/31 18:26:03.14880][i][8d34296d9] 服务启动成功(CRON,cron://192.168.5.108,3)
[2019/10/31 18:26:03.23376][i][e812c0cad] 开始启动[MQC]服务...
[2019/10/31 18:26:03.24312][d][e812c0cad] [订阅 队列(QTASK:TEST:ORDER-PAY)消息]
[2019/10/31 18:26:03.27932][d][e812c0cad] [未启用 metric设置]
[2019/10/31 18:26:03.28666][d][e812c0cad] [订阅(a:b)消息]
[2019/10/31 18:26:03.28800][d][e812c0cad] [订阅(a.d)消息]
[2019/10/31 18:26:03.28769][d][e812c0cad] [订阅(a:c)消息]
[2019/10/31 18:26:03.554786][i][e812c0cad] master mqc server
[2019/10/31 18:26:03.555980][i][e812c0cad] 服务启动成功(MQC,mqc://192.168.5.108,4)
[2019/10/31 18:26:04.922853][i][4a60e1979] flowserver 正在退出...
[2019/10/31 18:26:05.976122][i][4a60e1979] flowserver 已安全退出

---------------------end-------------------------

--------------------begin------------------------

[2019/10/31 18:27:12.495212][i][f2046daed] Connected to 192.168.0.101:2181
[2019/10/31 18:27:12.506280][i][f2046daed] re-submitting `0` credentials after reconnect
[2019/10/31 18:27:12.506260][i][f2046daed] authenticated: id=102284338132373914, timeout=4000
[2019/10/31 18:27:12.544200][i][f2046daed] 初始化 /qtask/flowserver/cron-mqc-api/t
[2019/10/31 18:27:12.552890][i][140eea8ab] 开始启动[CRON]服务...
[2019/10/31 18:27:12.553278][d][140eea8ab] [未启用 metric设置]
[2019/10/31 18:27:12.553503][e][140eea8ab] task配置有误:<nil>
[2019/10/31 18:27:12.553488][e][140eea8ab] task配置有误:<nil>
[2019/10/31 18:27:13.78095][i][140eea8ab] master cron server
[2019/10/31 18:27:13.79374][i][140eea8ab] 服务启动成功(CRON,cron://192.168.5.108,3)
[2019/10/31 18:27:13.92165][i][357ea2548] 开始启动[MQC]服务...
[2019/10/31 18:27:13.93030][d][357ea2548] [订阅 队列(QTASK:TEST:ORDER-PAY)消息]
[2019/10/31 18:27:13.96543][d][357ea2548] [未启用 metric设置]
[2019/10/31 18:27:13.97347][d][357ea2548] [订阅(a:b)消息]
[2019/10/31 18:27:13.97602][d][357ea2548] [订阅(a.d)消息]
[2019/10/31 18:27:13.97503][d][357ea2548] [订阅(a:c)消息]
[2019/10/31 18:27:13.618710][i][357ea2548] master mqc server
[2019/10/31 18:27:13.620223][i][357ea2548] 服务启动成功(MQC,mqc://192.168.5.108,4)
[2019/10/31 18:27:13.629996][i][d7d5f1b82] 开始启动[API]服务...
[2019/10/31 18:27:13.631600][d][d7d5f1b82] [未启用 固定密钥认证]
[2019/10/31 18:27:13.631574][d][d7d5f1b82] [未启用 header设置]
[2019/10/31 18:27:13.631640][d][d7d5f1b82] [未启用 metric设置]
[2019/10/31 18:27:13.631421][i][d7d5f1b82] [启用 静态文件]
[2019/10/31 18:27:13.631613][d][d7d5f1b82] [未启用 ajax请求限制设置]
[2019/10/31 18:27:13.631655][d][d7d5f1b82] [未启用 host设置]
[2019/10/31 18:27:13.631605][d][d7d5f1b82] [未启用 远程服务认证]
[2019/10/31 18:27:13.631586][d][d7d5f1b82] [未启用 熔断设置]
[2019/10/31 18:27:13.631594][d][d7d5f1b82] [未启用 jwt设置]
[2019/10/31 18:27:14.155979][i][d7d5f1b82] 服务启动成功(API,http://192.168.5.108:9090,2)
[2019/10/31 18:29:49.999589][i][f2046daed] flowserver 正在退出...
[2019/10/31 18:29:51.45950][i][f2046daed] flowserver 已安全退出

---------------------end-------------------------

--------------------begin------------------------

[2019/10/31 18:31:50.527846][i][6d3d3f142] Connected to 192.168.0.101:2181
[2019/10/31 18:31:50.559492][i][6d3d3f142] re-submitting `0` credentials after reconnect
[2019/10/31 18:31:50.559464][i][6d3d3f142] authenticated: id=102284338132373916, timeout=4000
[2019/10/31 18:31:50.577694][i][6d3d3f142] 初始化 /qtask/flowserver/api-cron-mqc/t
[2019/10/31 18:31:50.588051][i][dd352c912] 开始启动[API]服务...
[2019/10/31 18:31:50.588677][i][dd352c912] [启用 静态文件]
[2019/10/31 18:31:50.588682][d][dd352c912] [未启用 header设置]
[2019/10/31 18:31:50.588686][d][dd352c912] [未启用 熔断设置]
[2019/10/31 18:31:50.588690][d][dd352c912] [未启用 jwt设置]
[2019/10/31 18:31:50.588693][d][dd352c912] [未启用 固定密钥认证]
[2019/10/31 18:31:50.588695][d][dd352c912] [未启用 远程服务认证]
[2019/10/31 18:31:50.588698][d][dd352c912] [未启用 ajax请求限制设置]
[2019/10/31 18:31:50.588702][d][dd352c912] [未启用 metric设置]
[2019/10/31 18:31:50.588707][d][dd352c912] [未启用 host设置]
[2019/10/31 18:31:51.120672][i][dd352c912] 服务启动成功(API,http://192.168.5.108:9090,2)
[2019/10/31 18:31:51.129823][i][6d2c9cc5e] 开始启动[CRON]服务...
[2019/10/31 18:31:51.130650][d][6d2c9cc5e] [未启用 metric设置]
[2019/10/31 18:31:51.131123][e][6d2c9cc5e] task配置有误:<nil>
[2019/10/31 18:31:51.131002][e][6d2c9cc5e] task配置有误:<nil>
[2019/10/31 18:31:51.650599][i][6d2c9cc5e] master cron server
[2019/10/31 18:31:51.652090][i][6d2c9cc5e] 服务启动成功(CRON,cron://192.168.5.108,3)
[2019/10/31 18:31:51.666294][i][d1c2da1c5] 开始启动[MQC]服务...
[2019/10/31 18:31:51.668288][d][d1c2da1c5] [订阅 队列(QTASK:TEST:ORDER-PAY)消息]
[2019/10/31 18:31:51.674428][d][d1c2da1c5] [未启用 metric设置]
[2019/10/31 18:31:51.675343][d][d1c2da1c5] [订阅(a:b)消息]
[2019/10/31 18:31:51.675632][d][d1c2da1c5] [订阅(a:c)消息]
[2019/10/31 18:31:51.675741][d][d1c2da1c5] [订阅(a.d)消息]
[2019/10/31 18:31:52.196716][i][d1c2da1c5] master mqc server
[2019/10/31 18:31:52.198027][i][d1c2da1c5] 服务启动成功(MQC,mqc://192.168.5.108,4)
[2019/10/31 18:32:53.457634][i][8a0693f6b] api.request GET /order/request?queuename=a:a from 192.168.5.79
[2019/10/31 18:32:53.457995][i][8a0693f6b] ----------------订单创建---------------------
[2019/10/31 18:32:53.469188][e][8a0693f6b] api.response GET /order/request?queuename=a:a 400  11.586462ms 
[2019/10/31 18:32:53.468977][e][8a0693f6b] error:获取任务(订单支付任务－立即)编号失败 Error 1146: Table 'mrss.tsk_system_seq' doesn't exist
[2019/10/31 18:32:53.622047][i][4acfd4467] api.request GET /favicon.ico from 192.168.5.79
[2019/10/31 18:32:53.622133][e][4acfd4467] 找不到文件:static/favicon.ico
[2019/10/31 18:32:53.622151][e][4acfd4467] api.response GET /favicon.ico 404 static 131.138µs 
[2019/10/31 18:33:41.97937][i][6d3d3f142] flowserver 正在退出...
[2019/10/31 18:33:42.144045][i][6d3d3f142] flowserver 已安全退出

---------------------end-------------------------

--------------------begin------------------------

[2019/10/31 18:33:43.970519][i][8aaaef61f] Connected to 192.168.0.101:2181
[2019/10/31 18:33:43.983318][i][8aaaef61f] re-submitting `0` credentials after reconnect
[2019/10/31 18:33:43.983303][i][8aaaef61f] authenticated: id=102284338132373917, timeout=4000
[2019/10/31 18:33:44.20637][i][8aaaef61f] 初始化 /qtask/flowserver/api-cron-mqc/t
[2019/10/31 18:33:44.29250][i][22a8b447e] 开始启动[API]服务...
[2019/10/31 18:33:44.30726][d][22a8b447e] [未启用 固定密钥认证]
[2019/10/31 18:33:44.30701][i][22a8b447e] [启用 静态文件]
[2019/10/31 18:33:44.30728][d][22a8b447e] [未启用 远程服务认证]
[2019/10/31 18:33:44.30707][d][22a8b447e] [未启用 header设置]
[2019/10/31 18:33:44.30735][d][22a8b447e] [未启用 ajax请求限制设置]
[2019/10/31 18:33:44.30715][d][22a8b447e] [未启用 熔断设置]
[2019/10/31 18:33:44.30770][d][22a8b447e] [未启用 host设置]
[2019/10/31 18:33:44.30766][d][22a8b447e] [未启用 metric设置]
[2019/10/31 18:33:44.30719][d][22a8b447e] [未启用 jwt设置]
[2019/10/31 18:33:44.559330][i][22a8b447e] 服务启动成功(API,http://192.168.5.108:9090,2)
[2019/10/31 18:33:44.570545][i][3e2112102] 开始启动[CRON]服务...
[2019/10/31 18:33:44.571336][d][3e2112102] [未启用 metric设置]
[2019/10/31 18:33:44.571970][e][3e2112102] task配置有误:<nil>
[2019/10/31 18:33:44.571872][e][3e2112102] task配置有误:<nil>
[2019/10/31 18:33:45.95958][i][3e2112102] master cron server
[2019/10/31 18:33:45.96579][i][3e2112102] 服务启动成功(CRON,cron://192.168.5.108,3)
[2019/10/31 18:33:45.101666][i][00cd0f27d] 开始启动[MQC]服务...
[2019/10/31 18:33:45.102082][d][00cd0f27d] [订阅 队列(QTASK:TEST:ORDER-PAY)消息]
[2019/10/31 18:33:45.103653][d][00cd0f27d] [未启用 metric设置]
[2019/10/31 18:33:45.103908][d][00cd0f27d] [订阅(a:b)消息]
[2019/10/31 18:33:45.103951][d][00cd0f27d] [订阅(a:c)消息]
[2019/10/31 18:33:45.103968][d][00cd0f27d] [订阅(a.d)消息]
[2019/10/31 18:33:45.623855][i][00cd0f27d] master mqc server
[2019/10/31 18:33:45.625334][i][00cd0f27d] 服务启动成功(MQC,mqc://192.168.5.108,4)
[2019/10/31 18:33:48.881094][i][f7a54d26a] api.request GET /order/request?queuename=a:a from 192.168.5.79
[2019/10/31 18:33:48.881776][i][f7a54d26a] ----------------订单创建---------------------
[2019/10/31 18:33:48.887825][e][f7a54d26a] api.response GET /order/request?queuename=a:a 400  6.778538ms 
[2019/10/31 18:33:48.887432][e][f7a54d26a] error:创建db失败:{			
			"provider":"mysql",
			"connString":"mrss:123456@tcp(192.168.0.36)/pis?charset=utf8",
			"maxOpen":20,
			"maxIdle":10,
			"lifeTime":600		
	},err:Error 1044: Access denied for user 'mrss'@'192.%' to database 'pis'
[2019/10/31 18:35:01.155692][i][8aaaef61f] flowserver 正在退出...
[2019/10/31 18:35:02.192149][i][8aaaef61f] flowserver 已安全退出

---------------------end-------------------------

--------------------begin------------------------

[2019/10/31 18:35:03.656997][i][3ab7bcda8] Connected to 192.168.0.101:2181
[2019/10/31 18:35:03.685337][i][3ab7bcda8] authenticated: id=102284338132373918, timeout=4000
[2019/10/31 18:35:03.685376][i][3ab7bcda8] re-submitting `0` credentials after reconnect
[2019/10/31 18:35:03.705986][i][3ab7bcda8] 初始化 /qtask/flowserver/api-cron-mqc/t
[2019/10/31 18:35:03.719268][i][47c3ae415] 开始启动[API]服务...
[2019/10/31 18:35:03.720324][d][47c3ae415] [未启用 远程服务认证]
[2019/10/31 18:35:03.720328][d][47c3ae415] [未启用 ajax请求限制设置]
[2019/10/31 18:35:03.720314][d][47c3ae415] [未启用 header设置]
[2019/10/31 18:35:03.720278][i][47c3ae415] [启用 静态文件]
[2019/10/31 18:35:03.720321][d][47c3ae415] [未启用 jwt设置]
[2019/10/31 18:35:03.720318][d][47c3ae415] [未启用 熔断设置]
[2019/10/31 18:35:03.720334][d][47c3ae415] [未启用 metric设置]
[2019/10/31 18:35:03.720337][d][47c3ae415] [未启用 host设置]
[2019/10/31 18:35:03.720322][d][47c3ae415] [未启用 固定密钥认证]
[2019/10/31 18:35:04.242722][i][47c3ae415] 服务启动成功(API,http://192.168.5.108:9090,2)
[2019/10/31 18:35:04.252077][i][0a999d7c4] 开始启动[CRON]服务...
[2019/10/31 18:35:04.252656][d][0a999d7c4] [未启用 metric设置]
[2019/10/31 18:35:04.253052][e][0a999d7c4] task配置有误:<nil>
[2019/10/31 18:35:04.252982][e][0a999d7c4] task配置有误:<nil>
[2019/10/31 18:35:04.777454][i][0a999d7c4] master cron server
[2019/10/31 18:35:04.778519][i][0a999d7c4] 服务启动成功(CRON,cron://192.168.5.108,3)
[2019/10/31 18:35:04.791667][i][1ba02332a] 开始启动[MQC]服务...
[2019/10/31 18:35:04.792174][d][1ba02332a] [订阅 队列(QTASK:TEST:ORDER-PAY)消息]
[2019/10/31 18:35:04.794088][d][1ba02332a] [未启用 metric设置]
[2019/10/31 18:35:04.794281][d][1ba02332a] [订阅(a:c)消息]
[2019/10/31 18:35:04.794257][d][1ba02332a] [订阅(a:b)消息]
[2019/10/31 18:35:04.794378][d][1ba02332a] [订阅(a.d)消息]
[2019/10/31 18:35:05.315143][i][1ba02332a] master mqc server
[2019/10/31 18:35:05.316075][i][1ba02332a] 服务启动成功(MQC,mqc://192.168.5.108,4)
[2019/10/31 18:35:07.525829][i][5d7d357e7] api.request GET /order/request?queuename=a:a from 192.168.5.79
[2019/10/31 18:35:07.526381][i][5d7d357e7] ----------------订单创建---------------------
[2019/10/31 18:35:07.614494][i][5d7d357e7] api.response GET /order/request?queuename=a:a 200  88.709001ms 
[2019/10/31 18:35:21.227654][i][fb197d73e] api.request GET /order/request from 192.168.5.79
[2019/10/31 18:35:21.228071][i][fb197d73e] ----------------订单创建---------------------
[2019/10/31 18:35:21.273225][i][fb197d73e] api.response GET /order/request 200  45.727263ms 
[2019/10/31 18:35:26.256865][i][0c80bfb56] api.request GET /order/request from 192.168.5.79
[2019/10/31 18:35:26.257196][i][0c80bfb56] ----------------订单创建---------------------
[2019/10/31 18:35:26.281074][i][0c80bfb56] api.response GET /order/request 200  24.265278ms 
[2019/10/31 18:36:41.522707][i][827d9aeb9] ----------------订单创建---------------------
[2019/10/31 18:36:41.522307][i][827d9aeb9] api.request GET /order/request from 192.168.5.79
[2019/10/31 18:36:41.565143][i][827d9aeb9] api.response GET /order/request 200  42.968411ms 
[2019/10/31 18:37:09.228584][i][3ab7bcda8] flowserver 正在退出...
[2019/10/31 18:37:10.273358][i][3ab7bcda8] flowserver 已安全退出

---------------------end-------------------------

--------------------begin------------------------

[2019/10/31 18:37:38.379936][i][61ceb31fd] Connected to 192.168.0.101:2181
[2019/10/31 18:37:38.395063][i][61ceb31fd] authenticated: id=102284338132373919, timeout=4000
[2019/10/31 18:37:38.395073][i][61ceb31fd] re-submitting `0` credentials after reconnect
[2019/10/31 18:37:38.429706][i][61ceb31fd] 初始化 /qtask/flowserver/api-cron-mqc/t
[2019/10/31 18:37:38.438609][i][9f6ceb0e5] 开始启动[API]服务...
[2019/10/31 18:37:38.439270][d][9f6ceb0e5] [未启用 固定密钥认证]
[2019/10/31 18:37:38.439266][d][9f6ceb0e5] [未启用 熔断设置]
[2019/10/31 18:37:38.439263][d][9f6ceb0e5] [未启用 header设置]
[2019/10/31 18:37:38.439276][d][9f6ceb0e5] [未启用 ajax请求限制设置]
[2019/10/31 18:37:38.439269][d][9f6ceb0e5] [未启用 jwt设置]
[2019/10/31 18:37:38.439272][d][9f6ceb0e5] [未启用 远程服务认证]
[2019/10/31 18:37:38.439224][i][9f6ceb0e5] [启用 静态文件]
[2019/10/31 18:37:38.439281][d][9f6ceb0e5] [未启用 metric设置]
[2019/10/31 18:37:38.439283][d][9f6ceb0e5] [未启用 host设置]
[2019/10/31 18:37:38.977114][i][9f6ceb0e5] 服务启动成功(API,http://192.168.5.108:9090,2)
[2019/10/31 18:37:38.987714][i][370a85c64] 开始启动[CRON]服务...
[2019/10/31 18:37:38.988770][d][370a85c64] [未启用 metric设置]
[2019/10/31 18:37:38.989415][e][370a85c64] task配置有误:<nil>
[2019/10/31 18:37:38.989285][e][370a85c64] task配置有误:<nil>
[2019/10/31 18:37:39.521343][i][370a85c64] master cron server
[2019/10/31 18:37:39.523026][i][370a85c64] 服务启动成功(CRON,cron://192.168.5.108,3)
[2019/10/31 18:37:39.535939][i][f63891ad7] 开始启动[MQC]服务...
[2019/10/31 18:37:39.537044][d][f63891ad7] [订阅 队列(QTASK:TEST:ORDER-PAY)消息]
[2019/10/31 18:37:39.542222][d][f63891ad7] [订阅(a:b)消息]
[2019/10/31 18:37:39.542328][d][f63891ad7] [订阅(a:c)消息]
[2019/10/31 18:37:39.542405][d][f63891ad7] [订阅(a.d)消息]
[2019/10/31 18:37:39.541462][d][f63891ad7] [未启用 metric设置]
[2019/10/31 18:37:40.55573][i][f63891ad7] master mqc server
[2019/10/31 18:37:40.56795][i][f63891ad7] 服务启动成功(MQC,mqc://192.168.5.108,4)
[2019/10/31 18:37:43.126831][i][ece214a6b] api.request GET /order/request from 192.168.5.79
[2019/10/31 18:37:43.127554][i][ece214a6b] ----------------订单创建---------------------
[2019/10/31 18:37:43.183767][i][ece214a6b] api.response GET /order/request 200  56.999698ms 
[2019/10/31 18:38:06.528187][i][61ceb31fd] flowserver 正在退出...
[2019/10/31 18:38:07.568632][i][61ceb31fd] flowserver 已安全退出

---------------------end-------------------------

--------------------begin------------------------

[2019/10/31 18:38:30.92927][i][b9fd824f9] Connected to 192.168.0.101:2181
[2019/10/31 18:38:30.106295][i][b9fd824f9] authenticated: id=102284338132373920, timeout=4000
[2019/10/31 18:38:30.106306][i][b9fd824f9] re-submitting `0` credentials after reconnect
[2019/10/31 18:38:30.142648][i][b9fd824f9] 初始化 /qtask/flowserver/api-cron-mqc/t
[2019/10/31 18:38:30.150456][i][78076a9d1] 开始启动[CRON]服务...
[2019/10/31 18:38:30.151588][d][78076a9d1] [未启用 metric设置]
[2019/10/31 18:38:30.151840][e][78076a9d1] task配置有误:<nil>
[2019/10/31 18:38:30.151803][e][78076a9d1] task配置有误:<nil>
[2019/10/31 18:38:30.690102][i][78076a9d1] master cron server
[2019/10/31 18:38:30.691326][i][78076a9d1] 服务启动成功(CRON,cron://192.168.5.108,3)
[2019/10/31 18:38:30.702006][i][3778fb443] 开始启动[API]服务...
[2019/10/31 18:38:30.703899][d][3778fb443] [未启用 远程服务认证]
[2019/10/31 18:38:30.703921][d][3778fb443] [未启用 metric设置]
[2019/10/31 18:38:30.703928][d][3778fb443] [未启用 host设置]
[2019/10/31 18:38:30.703793][i][3778fb443] [启用 静态文件]
[2019/10/31 18:38:30.703868][d][3778fb443] [未启用 header设置]
[2019/10/31 18:38:30.703878][d][3778fb443] [未启用 熔断设置]
[2019/10/31 18:38:30.703887][d][3778fb443] [未启用 jwt设置]
[2019/10/31 18:38:30.703893][d][3778fb443] [未启用 固定密钥认证]
[2019/10/31 18:38:30.703909][d][3778fb443] [未启用 ajax请求限制设置]
[2019/10/31 18:38:31.227471][i][3778fb443] 服务启动成功(API,http://192.168.5.108:9090,2)
[2019/10/31 18:38:31.237844][i][23bbc22f4] 开始启动[MQC]服务...
[2019/10/31 18:38:31.238926][d][23bbc22f4] [订阅 队列(QTASK:TEST:ORDER-PAY)消息]
[2019/10/31 18:38:31.242455][d][23bbc22f4] [未启用 metric设置]
[2019/10/31 18:38:31.242997][d][23bbc22f4] [订阅(a:b)消息]
[2019/10/31 18:38:31.243059][d][23bbc22f4] [订阅(a:c)消息]
[2019/10/31 18:38:31.243160][d][23bbc22f4] [订阅(a.d)消息]
[2019/10/31 18:38:31.764851][i][23bbc22f4] master mqc server
[2019/10/31 18:38:31.766970][i][23bbc22f4] 服务启动成功(MQC,mqc://192.168.5.108,4)
[2019/10/31 18:38:33.30070][i][64a600a3a] api.request GET /order/request from 192.168.5.79
[2019/10/31 18:38:33.30787][i][64a600a3a] ----------------订单创建---------------------
[2019/10/31 18:38:33.113629][e][64a600a3a] <nil>
[2019/10/31 18:38:33.113871][i][64a600a3a] api.response GET /order/request 200  83.850278ms 
[2019/10/31 18:38:46.348715][i][cc7f50a8e] ----------------订单创建---------------------
[2019/10/31 18:38:46.348379][i][cc7f50a8e] api.request GET /order/request?queuename=a:a from 192.168.5.79
[2019/10/31 18:38:46.401732][e][cc7f50a8e] <nil>
[2019/10/31 18:38:46.401895][i][cc7f50a8e] api.response GET /order/request?queuename=a:a 200  53.637883ms 
[2019/10/31 18:40:20.192381][i][b9fd824f9] flowserver 正在退出...
[2019/10/31 18:40:21.232291][i][b9fd824f9] flowserver 已安全退出

---------------------end-------------------------

--------------------begin------------------------

[2019/10/31 18:40:22.899608][i][503f05337] Connected to 192.168.0.101:2181
[2019/10/31 18:40:22.910146][i][503f05337] re-submitting `0` credentials after reconnect
[2019/10/31 18:40:22.910133][i][503f05337] authenticated: id=102284338132373921, timeout=4000
[2019/10/31 18:40:22.948999][i][503f05337] 初始化 /qtask/flowserver/api-cron-mqc/t
[2019/10/31 18:40:22.958491][i][13bfd6388] 开始启动[API]服务...
[2019/10/31 18:40:22.959322][d][13bfd6388] [未启用 熔断设置]
[2019/10/31 18:40:22.959318][d][13bfd6388] [未启用 header设置]
[2019/10/31 18:40:22.959295][i][13bfd6388] [启用 静态文件]
[2019/10/31 18:40:22.959339][d][13bfd6388] [未启用 metric设置]
[2019/10/31 18:40:22.959342][d][13bfd6388] [未启用 host设置]
[2019/10/31 18:40:22.959331][d][13bfd6388] [未启用 ajax请求限制设置]
[2019/10/31 18:40:22.959328][d][13bfd6388] [未启用 远程服务认证]
[2019/10/31 18:40:22.959325][d][13bfd6388] [未启用 jwt设置]
[2019/10/31 18:40:22.959327][d][13bfd6388] [未启用 固定密钥认证]
[2019/10/31 18:40:23.487516][i][13bfd6388] 服务启动成功(API,http://192.168.5.108:9090,2)
[2019/10/31 18:40:23.497087][i][66b84a1de] 开始启动[CRON]服务...
[2019/10/31 18:40:23.497673][d][66b84a1de] [未启用 metric设置]
[2019/10/31 18:40:23.498075][e][66b84a1de] task配置有误:<nil>
[2019/10/31 18:40:23.498005][e][66b84a1de] task配置有误:<nil>
[2019/10/31 18:40:24.19976][i][66b84a1de] master cron server
[2019/10/31 18:40:24.21450][i][66b84a1de] 服务启动成功(CRON,cron://192.168.5.108,3)
[2019/10/31 18:40:24.36325][i][79aee589c] 开始启动[MQC]服务...
[2019/10/31 18:40:24.37500][d][79aee589c] [订阅 队列(QTASK:TEST:ORDER-PAY)消息]
[2019/10/31 18:40:24.42237][d][79aee589c] [未启用 metric设置]
[2019/10/31 18:40:24.42715][d][79aee589c] [订阅(a:b)消息]
[2019/10/31 18:40:24.42951][d][79aee589c] [订阅(a.d)消息]
[2019/10/31 18:40:24.42859][d][79aee589c] [订阅(a:c)消息]
[2019/10/31 18:40:24.45525][i][947085c85] mqc.request: qtask.flowserver.t GET /order/pay from 
[2019/10/31 18:40:24.45953][i][947085c85] -------------------订单支付流程-------------------
[2019/10/31 18:40:24.47277][i][dc953e1a1] mqc.request: qtask.flowserver.t GET /order/pay from 
[2019/10/31 18:40:24.47780][i][dc953e1a1] -------------------订单支付流程-------------------
[2019/10/31 18:40:24.128311][i][947085c85] mqc.response: qtask.flowserver.t GET /order/pay 200 82.847842ms 
[2019/10/31 18:40:24.145281][i][dc953e1a1] mqc.response: qtask.flowserver.t GET /order/pay 200 98.032692ms 
[2019/10/31 18:40:24.581229][i][79aee589c] master mqc server
[2019/10/31 18:40:24.582419][i][79aee589c] 服务启动成功(MQC,mqc://192.168.5.108,4)
[2019/10/31 18:40:32.73074][i][f9230864a] api.request GET /order/request?queuename=a:a from 192.168.5.79
[2019/10/31 18:40:32.73576][i][f9230864a] ----------------订单创建---------------------
[2019/10/31 18:40:32.126628][e][f9230864a] <nil>
[2019/10/31 18:40:32.126724][i][f9230864a] api.response GET /order/request?queuename=a:a 200  53.702383ms 
[2019/10/31 18:42:16.190074][i][503f05337] flowserver 正在退出...
[2019/10/31 18:42:17.250653][i][503f05337] flowserver 已安全退出

---------------------end-------------------------

--------------------begin------------------------

[2019/10/31 18:43:03.456938][i][eea611bcd] Connected to 192.168.0.101:2181
[2019/10/31 18:43:03.474573][i][eea611bcd] re-submitting `0` credentials after reconnect
[2019/10/31 18:43:03.474559][i][eea611bcd] authenticated: id=102284338132373922, timeout=4000
[2019/10/31 18:43:03.507028][i][eea611bcd] 初始化 /qtask/flowserver/api-cron-mqc/t
[2019/10/31 18:43:03.518732][d][654532b8b] [未启用 jwt设置]
[2019/10/31 18:43:03.518721][i][654532b8b] [启用 静态文件]
[2019/10/31 18:43:03.518725][d][654532b8b] [未启用 header设置]
[2019/10/31 18:43:03.518738][d][654532b8b] [未启用 ajax请求限制设置]
[2019/10/31 18:43:03.518730][d][654532b8b] [未启用 熔断设置]
[2019/10/31 18:43:03.518741][d][654532b8b] [未启用 metric设置]
[2019/10/31 18:43:03.518020][i][654532b8b] 开始启动[API]服务...
[2019/10/31 18:43:03.518743][d][654532b8b] [未启用 host设置]
[2019/10/31 18:43:03.518734][d][654532b8b] [未启用 固定密钥认证]
[2019/10/31 18:43:03.518735][d][654532b8b] [未启用 远程服务认证]
[2019/10/31 18:43:04.42479][i][654532b8b] 服务启动成功(API,http://192.168.5.108:9090,2)
[2019/10/31 18:43:04.48601][i][badeaf0b6] 开始启动[CRON]服务...
[2019/10/31 18:43:04.49176][d][badeaf0b6] [未启用 metric设置]
[2019/10/31 18:43:04.49473][e][badeaf0b6] task配置有误:<nil>
[2019/10/31 18:43:04.49378][e][badeaf0b6] task配置有误:<nil>
[2019/10/31 18:43:04.570671][i][badeaf0b6] master cron server
[2019/10/31 18:43:04.572045][i][badeaf0b6] 服务启动成功(CRON,cron://192.168.5.108,2)
[2019/10/31 18:43:04.584843][i][dac435f7a] 开始启动[MQC]服务...
[2019/10/31 18:43:04.585903][d][dac435f7a] [未启用 metric设置]
[2019/10/31 18:43:04.586998][d][dac435f7a] [订阅(QTASK:TEST:ORDER-PAY)消息]
[2019/10/31 18:43:04.587052][d][dac435f7a] [订阅(a:b)消息]
[2019/10/31 18:43:04.587137][d][dac435f7a] [订阅(a:c)消息]
[2019/10/31 18:43:04.587190][d][dac435f7a] [订阅(a.d)消息]
[2019/10/31 18:43:05.117691][i][dac435f7a] master mqc server
[2019/10/31 18:43:05.118798][i][dac435f7a] 服务启动成功(MQC,mqc://192.168.5.108,3)
[2019/10/31 18:43:14.613185][i][03f779bc3] api.request GET /order/request from 192.168.5.79
[2019/10/31 18:43:14.613555][i][03f779bc3] ----------------订单创建---------------------
[2019/10/31 18:43:14.714117][i][03f779bc3] api.response GET /order/request 200  100.956562ms 
[2019/10/31 18:43:14.713997][e][03f779bc3] <nil>
[2019/10/31 18:43:14.714341][e][e21c9a001] mqc.response: qtask.flowserver.t GET /order/pay 404 281.003µs 
[2019/10/31 18:43:14.714076][i][e21c9a001] mqc.request: qtask.flowserver.t GET /order/pay from 
[2019/10/31 18:43:14.714317][e][e21c9a001] error:sys.engine:未找到服务:/order/pay
[2019/10/31 18:44:04.248855][i][eea611bcd] flowserver 正在退出...
[2019/10/31 18:44:05.325655][i][eea611bcd] flowserver 已安全退出

---------------------end-------------------------

--------------------begin------------------------

[2019/10/31 18:44:13.547295][i][5639fe086] Connected to 192.168.0.101:2181
[2019/10/31 18:44:13.558526][i][5639fe086] re-submitting `0` credentials after reconnect
[2019/10/31 18:44:13.558511][i][5639fe086] authenticated: id=102284338132373923, timeout=4000
[2019/10/31 18:44:13.596406][i][5639fe086] 初始化 /qtask/flowserver/api-cron-mqc/t
[2019/10/31 18:44:13.603560][i][c7dc97c28] 开始启动[API]服务...
[2019/10/31 18:44:13.603991][d][c7dc97c28] [未启用 远程服务认证]
[2019/10/31 18:44:13.603983][d][c7dc97c28] [未启用 header设置]
[2019/10/31 18:44:13.603986][d][c7dc97c28] [未启用 熔断设置]
[2019/10/31 18:44:13.603993][d][c7dc97c28] [未启用 ajax请求限制设置]
[2019/10/31 18:44:13.603979][i][c7dc97c28] [启用 静态文件]
[2019/10/31 18:44:13.603996][d][c7dc97c28] [未启用 metric设置]
[2019/10/31 18:44:13.603998][d][c7dc97c28] [未启用 host设置]
[2019/10/31 18:44:13.603988][d][c7dc97c28] [未启用 jwt设置]
[2019/10/31 18:44:13.603990][d][c7dc97c28] [未启用 固定密钥认证]
[2019/10/31 18:44:14.125136][i][c7dc97c28] 服务启动成功(API,http://192.168.5.108:9090,2)
[2019/10/31 18:44:14.134889][i][2602081cc] 开始启动[CRON]服务...
[2019/10/31 18:44:14.135878][d][2602081cc] [未启用 metric设置]
[2019/10/31 18:44:14.136326][e][2602081cc] task配置有误:<nil>
[2019/10/31 18:44:14.136228][e][2602081cc] task配置有误:<nil>
[2019/10/31 18:44:14.648388][i][2602081cc] master cron server
[2019/10/31 18:44:14.649787][i][2602081cc] 服务启动成功(CRON,cron://192.168.5.108,2)
[2019/10/31 18:44:14.658779][i][d14361b14] 开始启动[MQC]服务...
[2019/10/31 18:44:14.659708][d][d14361b14] [未启用 metric设置]
[2019/10/31 18:44:14.659904][d][d14361b14] [订阅(QTASK:TEST:ORDER-PAY)消息]
[2019/10/31 18:44:14.659939][d][d14361b14] [订阅(a:b)消息]
[2019/10/31 18:44:14.660037][d][d14361b14] [订阅(a:c)消息]
[2019/10/31 18:44:14.660070][d][d14361b14] [订阅(a.d)消息]
[2019/10/31 18:44:15.189435][i][d14361b14] master mqc server
[2019/10/31 18:44:15.190190][i][d14361b14] 服务启动成功(MQC,mqc://192.168.5.108,4)
[2019/10/31 18:44:16.953041][i][314bce263] api.request GET /order/request from 192.168.5.79
[2019/10/31 18:44:16.953782][i][314bce263] ----------------订单创建---------------------
[2019/10/31 18:44:17.8513][e][314bce263] <nil>
[2019/10/31 18:44:17.8697][i][d9bab787c] mqc.request: qtask.flowserver.t GET /order/pay from 
[2019/10/31 18:44:17.8632][i][314bce263] api.response GET /order/request 200  55.657236ms 
[2019/10/31 18:44:17.9090][i][d9bab787c] -------------------订单支付流程-------------------
[2019/10/31 18:44:17.58073][i][d9bab787c] mqc.response: qtask.flowserver.t GET /order/pay 200 49.464966ms 
[2019/10/31 18:44:28.6181][i][b083f7532] api.request GET /order/request from 192.168.5.79
[2019/10/31 18:44:28.6527][i][b083f7532] ----------------订单创建---------------------
[2019/10/31 18:44:28.53661][e][b083f7532] <nil>
[2019/10/31 18:44:28.53851][i][b083f7532] api.response GET /order/request 200  47.798026ms 
[2019/10/31 18:44:28.53918][i][c3c4f0644] mqc.request: qtask.flowserver.t GET /order/pay from 
[2019/10/31 18:44:28.54066][i][c3c4f0644] -------------------订单支付流程-------------------
[2019/10/31 18:44:28.105197][i][c3c4f0644] mqc.response: qtask.flowserver.t GET /order/pay 200 51.298196ms 
[2019/10/31 18:44:35.489123][i][27d38e8ac] ----------------订单创建---------------------
[2019/10/31 18:44:35.488773][i][27d38e8ac] api.request GET /order/request from 192.168.5.79
[2019/10/31 18:44:35.534075][e][27d38e8ac] <nil>
[2019/10/31 18:44:35.534164][i][27d38e8ac] api.response GET /order/request 200  45.446592ms 
[2019/10/31 18:44:35.534136][i][2cdba2e8d] mqc.request: qtask.flowserver.t GET /order/pay from 
[2019/10/31 18:44:35.534282][i][2cdba2e8d] -------------------订单支付流程-------------------
[2019/10/31 18:44:35.581789][i][2cdba2e8d] mqc.response: qtask.flowserver.t GET /order/pay 200 47.84863ms 
[2019/10/31 18:44:42.919085][i][3b363dbe5] api.request GET /order/request?queuename=a:a from 192.168.5.79
[2019/10/31 18:44:42.919329][i][3b363dbe5] ----------------订单创建---------------------
[2019/10/31 18:44:42.954275][i][3b363dbe5] api.response GET /order/request?queuename=a:a 200  35.246616ms 
[2019/10/31 18:44:42.954176][e][3b363dbe5] <nil>
[2019/10/31 18:44:56.361795][i][f3550a430] api.request GET /order/request?queuename=a:b from 192.168.5.79
[2019/10/31 18:44:56.362002][i][f3550a430] ----------------订单创建---------------------
[2019/10/31 18:44:56.402645][i][f3550a430] api.response GET /order/request?queuename=a:b 200  40.930928ms 
[2019/10/31 18:44:56.402565][e][f3550a430] <nil>
[2019/10/31 18:44:56.402591][i][fb2335945] mqc.request: qtask.flowserver.t GET /a_b from 
[2019/10/31 18:44:56.402844][e][fb2335945] error:sys.engine:未找到服务:/a_b
[2019/10/31 18:44:56.402913][e][fb2335945] mqc.response: qtask.flowserver.t GET /a_b 404 345.837µs 
[2019/10/31 18:45:25.336959][i][5639fe086] flowserver 正在退出...
[2019/10/31 18:45:26.405135][i][5639fe086] flowserver 已安全退出

---------------------end-------------------------

--------------------begin------------------------

[2019/10/31 18:45:35.651943][i][9941638e4] Connected to 192.168.0.101:2181
[2019/10/31 18:45:35.683325][i][9941638e4] re-submitting `0` credentials after reconnect
[2019/10/31 18:45:35.683303][i][9941638e4] authenticated: id=102284338132373924, timeout=4000
[2019/10/31 18:45:35.702384][i][9941638e4] 初始化 /qtask/flowserver/cron-mqc-api/t
[2019/10/31 18:45:35.717818][i][7188e9279] 开始启动[CRON]服务...
[2019/10/31 18:45:35.718358][d][7188e9279] [未启用 metric设置]
[2019/10/31 18:45:35.718609][e][7188e9279] task配置有误:<nil>
[2019/10/31 18:45:35.718572][e][7188e9279] task配置有误:<nil>
[2019/10/31 18:45:36.244325][i][7188e9279] master cron server
[2019/10/31 18:45:36.245679][i][7188e9279] 服务启动成功(CRON,cron://192.168.5.108,2)
[2019/10/31 18:45:36.253916][d][5e066ed9c] [未启用 metric设置]
[2019/10/31 18:45:36.253153][i][5e066ed9c] 开始启动[MQC]服务...
[2019/10/31 18:45:36.254506][d][5e066ed9c] [订阅(QTASK:TEST:ORDER-PAY)消息]
[2019/10/31 18:45:36.254547][d][5e066ed9c] [订阅(a:b)消息]
[2019/10/31 18:45:36.254861][d][5e066ed9c] [订阅(a.d)消息]
[2019/10/31 18:45:36.254601][d][5e066ed9c] [订阅(a:c)消息]
[2019/10/31 18:45:36.798692][i][5e066ed9c] master mqc server
[2019/10/31 18:45:36.800191][i][5e066ed9c] 服务启动成功(MQC,mqc://192.168.5.108,4)
[2019/10/31 18:45:36.815699][i][bfc11ca90] 开始启动[API]服务...
[2019/10/31 18:45:36.816916][d][bfc11ca90] [未启用 固定密钥认证]
[2019/10/31 18:45:36.816902][d][bfc11ca90] [未启用 header设置]
[2019/10/31 18:45:36.816907][d][bfc11ca90] [未启用 熔断设置]
[2019/10/31 18:45:36.816923][d][bfc11ca90] [未启用 ajax请求限制设置]
[2019/10/31 18:45:36.816913][d][bfc11ca90] [未启用 jwt设置]
[2019/10/31 18:45:36.816864][i][bfc11ca90] [启用 静态文件]
[2019/10/31 18:45:36.816919][d][bfc11ca90] [未启用 远程服务认证]
[2019/10/31 18:45:36.816930][d][bfc11ca90] [未启用 metric设置]
[2019/10/31 18:45:36.816934][d][bfc11ca90] [未启用 host设置]
[2019/10/31 18:45:37.352930][i][bfc11ca90] 服务启动成功(API,http://192.168.5.108:9090,2)
[2019/10/31 18:45:39.641387][i][11e892164] api.request GET /order/request?queuename=a:b from 192.168.5.79
[2019/10/31 18:45:39.641886][i][11e892164] ----------------订单创建---------------------
[2019/10/31 18:45:39.712539][e][11e892164] <nil>
[2019/10/31 18:45:39.712652][i][11e892164] api.response GET /order/request?queuename=a:b 200  71.317501ms 
[2019/10/31 18:45:39.713326][i][0e71afbf3] mqc.request: qtask.flowserver.t GET /a_b from 
[2019/10/31 18:45:39.778925][i][0e71afbf3] qtask.RegConsume
[2019/10/31 18:45:39.826341][i][0e71afbf3] mqc.response: qtask.flowserver.t GET /a_b 200 113.03057ms 
[2019/10/31 18:45:48.19050][i][13177dec5] ----------------订单创建---------------------
[2019/10/31 18:45:48.18757][i][13177dec5] api.request GET /order/request?queuename=a:c from 192.168.5.79
[2019/10/31 18:45:48.62243][e][13177dec5] <nil>
[2019/10/31 18:45:48.62290][i][7cfb3f530] mqc.request: qtask.flowserver.t GET /a_c from 
[2019/10/31 18:45:48.62382][i][13177dec5] api.response GET /order/request?queuename=a:c 200  43.654061ms 
[2019/10/31 18:45:48.90547][i][7cfb3f530] ProcessConsumeXXXX
[2019/10/31 18:45:48.113505][i][7cfb3f530] mqc.response: qtask.flowserver.t GET /a_c 200 51.252078ms 
[2019/10/31 18:45:57.673287][i][dae1b4338] ----------------订单创建---------------------
[2019/10/31 18:45:57.673132][i][dae1b4338] api.request GET /order/request?queuename=a.d from 192.168.5.79
[2019/10/31 18:45:57.708087][e][dae1b4338] <nil>
[2019/10/31 18:45:57.708184][i][dae1b4338] api.response GET /order/request?queuename=a.d 200  35.066433ms 
[2019/10/31 18:45:57.708197][i][cd1b4c9ce] mqc.request: qtask.flowserver.t GET /a.d from 
[2019/10/31 18:45:57.734377][i][cd1b4c9ce] ProcessConsumeXXXX
[2019/10/31 18:45:57.762526][i][cd1b4c9ce] mqc.response: qtask.flowserver.t GET /a.d 200 54.368618ms 
[2019/10/31 18:46:24.406491][i][9941638e4] flowserver 正在退出...
[2019/10/31 18:46:25.480636][i][9941638e4] flowserver 已安全退出

---------------------end-------------------------
